[2022-09-03T14:24:27.203] [INFO] [Default] - POST 200 /api/users/register?email=2508291029@qq.com&name=use1 请求参数： {"email":"2508291029@qq.com","name":"dsh","password":"12345"} 响应参数： {"code":-1,"data":null,"msg":"Login sessions require session support. Did you forget to use `express-session` middleware?"} - ::1 - 66ms
[2022-09-03T14:25:53.233] [INFO] [Default] - POST 200 /api/users/register?email=2508291029@qq.com&name=use1 请求参数： {"email":"2508291029@qq.com","name":"dsh","password":"12345"} 响应参数： {"code":-1,"data":null,"msg":"Login sessions require session support. Did you forget to use `express-session` middleware?"} - ::1 - 1ms
[2022-09-03T14:31:22.631] [INFO] [Default] - POST 200 /api/users/register?email=2508291029@qq.com&name=use1 请求参数： {"email":"2508291029@qq.com","name":"dsh","password":"12345"} 响应参数： {"code":401,"data":null,"msg":{"password":"密码的长度不能小于六位且不能超过十六位"}} - ::1 - 40ms
[2022-09-03T14:31:36.680] [INFO] [Default] - POST 200 /api/users/register?email=2508291029@qq.com&name=use1 请求参数： {"email":"2508291029@qq.com","name":"dsh","password":"1234567"} 响应参数： {"code":-1,"data":null,"msg":"Unexpected end of JSON input"} - ::1 - 4ms
[2022-09-03T14:32:05.391] [INFO] [Default] - POST 200 /api/users/register?email=2508291029@qq.com&name=use1 请求参数： {"email":"2508291029@qq.com","name":"dsh","password":"1234567"} 响应参数： {"code":-1,"data":null,"msg":"Unexpected end of JSON input"} - ::1 - 48ms
[2022-09-03T14:32:47.095] [INFO] [Default] - POST 200 /api/users/register?email=2508291029@qq.com&name=use1 请求参数： {"email":"2508291029@qq.com","name":"dsh","password":"1234567"} 响应参数： {"code":-1,"data":null,"msg":"Unexpected end of JSON input"} - ::1 - 58ms
[2022-09-03T14:44:32.579] [INFO] [Default] - POST 200 /api/users/register?email=2508291029@qq.com&name=use1 请求参数： {"email":"2508291029@qq.com","name":"dsh","password":"1234567"} 响应参数： {"code":-1,"data":null,"msg":"Unexpected end of JSON input"} - ::1 - 40ms
[2022-09-03T16:13:19.769] [INFO] [Default] - POST 200 /api/users/register?email=2508291029@qq.com&name=use1 请求参数： {"email":"2508291029@qq.com","name":"dsh","password":"1234567"} 响应参数： {"code":-1,"data":null,"msg":"Unexpected end of JSON input"} - ::1 - 80ms
[2022-09-03T16:13:53.422] [INFO] [Default] - POST 200 /api/users/register?email=2508291029@qq.com&name=use1 请求参数： {"email":"2508291029@qq.com","name":"dsh","password":"1234567"} 响应参数： {"code":-1,"data":null,"msg":"Unexpected end of JSON input"} - ::1 - 38ms
[2022-09-03T16:32:56.407] [INFO] [Default] - POST 200 /api/users/register?email=2508291029@qq.com&name=use1 请求参数： {"email":"2508291029@qq.com","name":"dsh","password":"1234567"} 响应参数： {"code":-1,"data":null,"msg":"Unexpected end of JSON input"} - ::1 - 48ms
[2022-09-03T16:33:18.188] [INFO] [Default] - POST 200 /api/users/register?email=2508291029@qq.com&name=use1 请求参数： {"email":"2508291029@qq.com","name":"dsh","password":"1234567"} 响应参数： {"code":-1,"data":null,"msg":"Unexpected end of JSON input"} - ::1 - 54ms
[2022-09-03T16:37:34.425] [INFO] [Default] - POST 200 /api/users/register?email=2508291029@qq.com&name=use1 请求参数： {"email":"2508291029@qq.com","name":"dsh","password":"1234567"} 响应参数： {"code":-1,"data":null,"msg":"Unexpected end of JSON input"} - ::1 - 38ms
[2022-09-03T23:00:20.257] [INFO] [Default] - POST 404 /api/users/register?email=2508291029@qq.com&name=use1 请求参数： {"email":"2508291029@qq.com","name":"dsh","password":"1234567"} 响应参数： undefined - ::1 - 54ms
[2022-09-03T23:01:06.709] [INFO] [Default] - POST 404 /api/users/register?email=2508291029@qq.com&name=use1 请求参数： {"email":"2508291029@qq.com","name":"dsh","password":"1234567"} 响应参数： undefined - ::1 - 96ms
[2022-09-03T23:05:07.992] [INFO] [Default] - POST 200 /api/users/register?email=2508291029@qq.com&name=use1 请求参数： {"email":"2508291029@qq.com","name":"dsh","password":"1234567"} 响应参数： {"msg":"goods test"} - ::1 - 42ms
[2022-09-03T23:12:49.009] [INFO] [Default] - POST 200 /api/users/register?email=2508291029@qq.com&name=use1 请求参数： {"email":"2508291029@qq.com","name":"dsh","password":"1234567"} 响应参数： {"code":-1,"data":null,"msg":"goods is not defined"} - ::1 - 39ms
[2022-09-03T23:13:11.657] [INFO] [Default] - POST 200 /api/users/register?email=2508291029@qq.com&name=use1 请求参数： {"email":"2508291029@qq.com","name":"dsh","password":"1234567"} 响应参数： {"code":200,"msg":"success","data":"sdsdsddsd"} - ::1 - 45ms
[2022-09-03T23:13:38.536] [INFO] [Default] - POST 200 /api/users/register?email=2508291029@qq.com&name=use1 请求参数： {"email":"2508291029@qq.com","name":"dsh","password":"1234567"} 响应参数： {"code":200,"msg":"success","data":"sdsdsddsd"} - ::1 - 3ms
[2022-09-03T23:24:16.351] [INFO] [Default] - POST 200 /api/users/register?email=2508291029@qq.com&name=use1 请求参数： {"email":"2508291029@qq.com","name":"dsh","password":"1234567"} 响应参数： {"code":-1,"data":null,"msg":"Unexpected end of JSON input"} - ::1 - 59ms
[2022-09-03T23:25:58.043] [INFO] [Default] - POST 200 /api/users/register?email=2508291029@qq.com&name=use1 请求参数： {"email":"2508291029@qq.com","name":"dsh","password":"1234567"} 响应参数： {"code":-1,"data":null,"msg":"Unexpected end of JSON input"} - ::1 - 74ms
[2022-09-03T23:26:51.573] [INFO] [Default] - POST 200 /api/users/register?email=2508291029@qq.com&name=use1 请求参数： {"email":"2508291029@qq.com","name":"dsh","password":"1234567"} 响应参数： {"code":-1,"data":null,"msg":"Unexpected end of JSON input"} - ::1 - 84ms
[2022-09-03T23:29:54.894] [INFO] [Default] - POST 200 /api/users/register?email=2508291029@qq.com&name=use1 请求参数： {"email":"2508291029@qq.com","name":"dsh","password":"1234567"} 响应参数： {"code":-1,"data":null,"msg":"#<Object> is not a function"} - ::1 - 82238ms
[2022-09-03T23:32:56.054] [INFO] [Default] - POST 200 /api/users/register?email=2508291029@qq.com&name=use1 请求参数： {"email":"2508291029@qq.com","name":"dsh","password":"1234567"} 响应参数： {"code":-1,"data":null,"msg":"#<Object> is not a function"} - ::1 - 40ms
[2022-09-03T23:33:43.955] [INFO] [Default] - POST 200 /api/users/register?email=2508291029@qq.com&name=use1 请求参数： {"email":"2508291029@qq.com","name":"dsh","password":"1234567"} 响应参数： {"code":-1,"data":null,"msg":"#<Object> is not a function"} - ::1 - 41ms
[2022-09-03T23:36:10.833] [INFO] [Default] - POST 200 /api/users/register?email=2508291029@qq.com&name=use1 请求参数： {"email":"2508291029@qq.com","name":"dsh","password":"1234567"} 响应参数： {"code":-1,"data":null,"msg":"#<Object> is not a function"} - ::1 - 59599ms
[2022-09-03T23:42:08.744] [INFO] [Default] - POST 200 /api/users/register?email=2508291029@qq.com&name=use1 请求参数： {"email":"2508291029@qq.com","name":"dsh","password":"1234567"} 响应参数： {"code":401,"data":null,"msg":"邮箱已存在"} - ::1 - 52ms
[2022-09-03T23:42:29.172] [INFO] [Default] - POST 200 /api/users/register?email=2508291029@qq.com&name=use1 请求参数： {"email":"2508291029@qq.com","name":"dsh","password":"1234567"} 响应参数： {"code":200,"msg":"success","data":"用户注册成功"} - ::1 - 50ms
[2022-09-03T23:43:02.270] [INFO] [Default] - POST 200 /api/users/register?email=2508291029@qq.com&name=use1 请求参数： {"email":"2508291029@qq.com","name":"dsh","password":"1234567"} 响应参数： {"code":200,"msg":"success","data":"用户注册成功"} - ::1 - 61ms
[2022-09-03T23:44:15.491] [INFO] [Default] - POST 200 /api/users/register?email=2508291029@qq.com&name=use1 请求参数： {"email":"2508291029@qq.com","name":"dsh","password":"1234567"} 响应参数： {"code":-1,"data":null,"msg":"Cannot read properties of undefined (reading 'find')"} - ::1 - 37ms
[2022-09-03T23:51:16.896] [INFO] [Default] - POST 200 /api/users/register?email=2508291029@qq.com&name=use1 请求参数： {"email":"2508291029@qq.com","name":"dsh","password":"1234567"} 响应参数： {"code":200,"msg":"success","data":"用户注册成功"} - ::1 - 45ms
[2022-09-03T23:51:24.706] [INFO] [Default] - POST 200 /api/users/register?email=2508291029@qq.com&name=use1 请求参数： {"email":"2508291029@qq.com","name":"dsh","password":"1234567"} 响应参数： {"code":200,"msg":"success","data":"用户注册成功"} - ::1 - 5ms
[2022-09-03T23:52:24.466] [INFO] [Default] - POST 200 /api/users/register?email=2508291029@qq.com&name=use1 请求参数： {"email":"2508291029@qq.com","name":"dsh","password":"1234567"} 响应参数： {"code":200,"msg":"success","data":"用户注册成功"} - ::1 - 50ms
[2022-09-03T23:52:29.335] [INFO] [Default] - POST 200 /api/users/register?email=2508291029@qq.com&name=use1 请求参数： {"email":"2508291029@qq.com","name":"dsh","password":"1234567"} 响应参数： {"code":200,"msg":"success","data":"用户注册成功"} - ::1 - 4ms
[2022-09-03T23:53:11.639] [INFO] [Default] - POST 200 /api/users/register?email=2508291029@qq.com&name=use1 请求参数： {"email":"2508291029@qq.com","name":"dsh","password":"1234567"} 响应参数： {"code":200,"msg":"success","data":"用户注册成功"} - ::1 - 49ms
[2022-09-03T23:54:12.196] [INFO] [Default] - POST 200 /api/users/register?email=2508291029@qq.com&name=use1 请求参数： {"email":"2508291029@qq.com","name":"dsh","password":"1234567"} 响应参数： {"code":200,"msg":"success","data":"用户注册成功"} - ::1 - 7ms
[2022-09-03T23:54:24.534] [INFO] [Default] - POST 200 /api/users/register?email=2508291029@qq.com&name=use1 请求参数： {"email":"2508291029@qq.com","name":"dsh","password":"1234567"} 响应参数： {"code":401,"data":null,"msg":"邮箱已存在"} - ::1 - 50ms
[2022-09-03T23:54:35.828] [INFO] [Default] - POST 200 /api/users/register?email=2508291029@qq.com&name=use1 请求参数： {"email":"2508291029@qq.com","name":"dsh","password":"1234567"} 响应参数： {"code":401,"data":null,"msg":"邮箱已存在"} - ::1 - 3ms
[2022-09-03T23:55:10.410] [INFO] [Default] - POST 200 /api/users/register?email=2508291029@qq.com&name=use1 请求参数： {"email":"2508291029@qq.co8","name":"dsh","password":"1234567"} 响应参数： {"code":200,"msg":"success","data":"用户注册成功"} - ::1 - 8ms
